2025-03-03 20:52:28,591 CRIT Supervisor is running as root.  Privileges were not dropped because no user is specified in the config file.  If you intend to run as root, you can set user=root in the config file to avoid this message.
2025-03-03 20:52:28,595 INFO supervisord started with pid 1
2025-03-03 20:52:29,599 INFO spawned: 'laravel-worker_00' with pid 7
2025-03-03 20:52:30,601 INFO success: laravel-worker_00 entered RUNNING state, process has stayed up for > than 1 seconds (startsecs)
2025-03-03 20:56:25,865 WARN received SIGQUIT indicating exit request
2025-03-03 20:56:25,872 INFO waiting for laravel-worker_00 to die
2025-03-03 20:56:25,875 WARN stopped: laravel-worker_00 (terminated by SIGTERM)
2025-03-03 21:04:57,909 CRIT Supervisor is running as root.  Privileges were not dropped because no user is specified in the config file.  If you intend to run as root, you can set user=root in the config file to avoid this message.
2025-03-03 21:04:57,914 INFO supervisord started with pid 1
2025-03-03 21:04:58,919 INFO spawned: 'laravel-worker_00' with pid 7
2025-03-03 21:04:59,922 INFO success: laravel-worker_00 entered RUNNING state, process has stayed up for > than 1 seconds (startsecs)
2025-03-03 21:08:01,137 WARN received SIGQUIT indicating exit request
2025-03-03 21:08:01,138 INFO waiting for laravel-worker_00 to die
2025-03-03 21:08:02,142 WARN stopped: laravel-worker_00 (terminated by SIGTERM)
2025-03-03 21:08:04,402 CRIT Supervisor is running as root.  Privileges were not dropped because no user is specified in the config file.  If you intend to run as root, you can set user=root in the config file to avoid this message.
2025-03-03 21:08:04,412 INFO supervisord started with pid 1
2025-03-03 21:08:05,428 INFO spawned: 'laravel-worker_00' with pid 7
2025-03-03 21:08:06,435 INFO success: laravel-worker_00 entered RUNNING state, process has stayed up for > than 1 seconds (startsecs)
2025-03-03 21:08:48,487 WARN received SIGQUIT indicating exit request
2025-03-03 21:08:48,489 INFO waiting for laravel-worker_00 to die
2025-03-03 21:08:49,496 WARN stopped: laravel-worker_00 (terminated by SIGTERM)
2025-03-03 21:08:50,843 CRIT Supervisor is running as root.  Privileges were not dropped because no user is specified in the config file.  If you intend to run as root, you can set user=root in the config file to avoid this message.
2025-03-03 21:08:50,860 INFO supervisord started with pid 1
2025-03-03 21:08:51,865 INFO spawned: 'laravel-worker_00' with pid 7
2025-03-03 21:08:52,868 INFO success: laravel-worker_00 entered RUNNING state, process has stayed up for > than 1 seconds (startsecs)
2025-03-03 21:14:32,263 WARN received SIGQUIT indicating exit request
2025-03-03 21:14:32,264 INFO waiting for laravel-worker_00 to die
2025-03-03 21:14:33,269 WARN stopped: laravel-worker_00 (terminated by SIGTERM)
2025-03-03 21:17:14,887 CRIT Supervisor is running as root.  Privileges were not dropped because no user is specified in the config file.  If you intend to run as root, you can set user=root in the config file to avoid this message.
2025-03-03 21:17:14,893 INFO supervisord started with pid 1
2025-03-03 21:17:15,895 INFO spawned: 'php-fpm' with pid 7
2025-03-03 21:17:15,901 INFO spawned: 'queue-worker' with pid 8
2025-03-03 21:17:16,940 INFO success: php-fpm entered RUNNING state, process has stayed up for > than 1 seconds (startsecs)
2025-03-03 21:17:16,941 INFO success: queue-worker entered RUNNING state, process has stayed up for > than 1 seconds (startsecs)
2025-03-03 21:28:30,165 WARN received SIGQUIT indicating exit request
2025-03-03 21:28:30,166 INFO waiting for php-fpm, queue-worker to die
2025-03-03 21:28:31,170 WARN stopped: queue-worker (terminated by SIGTERM)
2025-03-03 21:28:31,178 INFO stopped: php-fpm (exit status 0)
2025-03-03 21:28:35,065 CRIT Supervisor is running as root.  Privileges were not dropped because no user is specified in the config file.  If you intend to run as root, you can set user=root in the config file to avoid this message.
2025-03-03 21:28:35,073 INFO supervisord started with pid 1
2025-03-03 21:28:36,076 INFO spawned: 'php-fpm' with pid 7
2025-03-03 21:28:36,080 INFO spawned: 'queue-worker' with pid 8
2025-03-03 21:28:37,117 INFO success: php-fpm entered RUNNING state, process has stayed up for > than 1 seconds (startsecs)
2025-03-03 21:28:37,117 INFO success: queue-worker entered RUNNING state, process has stayed up for > than 1 seconds (startsecs)
2025-03-03 21:32:47,404 WARN received SIGQUIT indicating exit request
2025-03-03 21:32:47,406 INFO waiting for php-fpm, queue-worker to die
2025-03-03 21:32:48,412 WARN stopped: queue-worker (terminated by SIGTERM)
2025-03-03 21:32:48,416 INFO stopped: php-fpm (exit status 0)
2025-03-03 21:32:50,653 CRIT Supervisor is running as root.  Privileges were not dropped because no user is specified in the config file.  If you intend to run as root, you can set user=root in the config file to avoid this message.
2025-03-03 21:32:50,658 INFO supervisord started with pid 1
2025-03-03 21:32:51,661 INFO spawned: 'php-fpm' with pid 7
2025-03-03 21:32:51,665 INFO spawned: 'queue-worker' with pid 8
2025-03-03 21:32:52,689 INFO success: php-fpm entered RUNNING state, process has stayed up for > than 1 seconds (startsecs)
2025-03-03 21:32:52,689 INFO success: queue-worker entered RUNNING state, process has stayed up for > than 1 seconds (startsecs)
2025-03-03 21:41:22,332 CRIT Supervisor is running as root.  Privileges were not dropped because no user is specified in the config file.  If you intend to run as root, you can set user=root in the config file to avoid this message.
2025-03-03 21:41:22,338 INFO supervisord started with pid 92
2025-03-03 21:41:23,344 INFO spawned: 'php-fpm' with pid 98
2025-03-03 21:41:23,348 INFO spawned: 'queue-worker' with pid 99
2025-03-03 21:41:23,417 WARN exited: php-fpm (exit status 78; not expected)
2025-03-03 21:41:24,420 INFO spawned: 'php-fpm' with pid 100
2025-03-03 21:41:24,420 INFO success: queue-worker entered RUNNING state, process has stayed up for > than 1 seconds (startsecs)
2025-03-03 21:41:24,459 WARN exited: php-fpm (exit status 78; not expected)
2025-03-03 21:41:26,463 INFO spawned: 'php-fpm' with pid 101
2025-03-03 21:41:26,497 WARN exited: php-fpm (exit status 78; not expected)
2025-03-03 21:41:29,503 INFO spawned: 'php-fpm' with pid 106
2025-03-03 21:41:29,533 WARN exited: php-fpm (exit status 78; not expected)
2025-03-03 21:41:30,535 INFO gave up: php-fpm entered FATAL state, too many start retries too quickly
2025-03-03 21:41:33,540 WARN received SIGINT indicating exit request
2025-03-03 21:41:33,541 INFO waiting for queue-worker to die
2025-03-03 21:41:34,544 WARN stopped: queue-worker (terminated by SIGTERM)
2025-03-03 21:41:53,899 CRIT Supervisor is running as root.  Privileges were not dropped because no user is specified in the config file.  If you intend to run as root, you can set user=root in the config file to avoid this message.
2025-03-03 21:41:53,904 INFO supervisord started with pid 107
2025-03-03 21:41:54,907 INFO spawned: 'php-fpm' with pid 114
2025-03-03 21:41:54,911 INFO spawned: 'queue-worker' with pid 115
2025-03-03 21:41:54,931 WARN exited: php-fpm (exit status 78; not expected)
2025-03-03 21:41:55,934 INFO spawned: 'php-fpm' with pid 116
2025-03-03 21:41:55,934 INFO success: queue-worker entered RUNNING state, process has stayed up for > than 1 seconds (startsecs)
2025-03-03 21:41:55,956 WARN exited: php-fpm (exit status 78; not expected)
2025-03-03 21:41:57,960 INFO spawned: 'php-fpm' with pid 121
2025-03-03 21:41:57,984 WARN exited: php-fpm (exit status 78; not expected)
2025-03-03 21:42:00,989 INFO spawned: 'php-fpm' with pid 122
2025-03-03 21:42:01,013 WARN exited: php-fpm (exit status 78; not expected)
2025-03-03 21:42:02,015 INFO gave up: php-fpm entered FATAL state, too many start retries too quickly
2025-03-03 21:42:24,041 WARN received SIGINT indicating exit request
2025-03-03 21:42:24,042 INFO waiting for queue-worker to die
2025-03-03 21:42:25,045 WARN stopped: queue-worker (terminated by SIGTERM)
2025-03-03 21:44:43,526 WARN received SIGQUIT indicating exit request
2025-03-03 21:44:43,527 INFO waiting for php-fpm, queue-worker to die
2025-03-03 21:44:44,530 WARN stopped: queue-worker (terminated by SIGTERM)
2025-03-03 21:44:44,538 INFO stopped: php-fpm (exit status 0)
